<!DOCTYPE html PUBLIC "-//W3C//DTD XHTML 1.1//EN" "http://www.w3.org/TR/xhtml11/DTD/xhtml11.dtd">
<html xmlns="http://www.w3.org/1999/xhtml"><head><title>TestNG Report</title><style type="text/css">table {margin-bottom:10px;border-collapse:collapse;empty-cells:show}th,td {border:1px solid #009;padding:.25em .5em}th {vertical-align:bottom}td {vertical-align:top}table a {font-weight:bold}.stripe td {background-color: #E6EBF9}.num {text-align:right}.passedodd td {background-color: #3F3}.passedeven td {background-color: #0A0}.skippedodd td {background-color: #DDD}.skippedeven td {background-color: #CCC}.failedodd td,.attn {background-color: #F33}.failedeven td,.stripe .attn {background-color: #D00}.stacktrace {white-space:pre;font-family:monospace}.totop {font-size:85%;text-align:center;border-bottom:2px solid #000}</style></head><body><table><tr><th>Test</th><th># Passed</th><th># Skipped</th><th># Failed</th><th>Time (ms)</th><th>Included Groups</th><th>Excluded Groups</th></tr><tr><th colspan="7">Suite</th></tr><tr><td><a href="#t0">Regression</a></td><td class="num">2</td><td class="num">0</td><td class="num attn">2</td><td class="num">82,000</td><td></td><td></td></tr></table><table><thead><tr><th>Class</th><th>Method</th><th>Start</th><th>Time (ms)</th></tr></thead><tbody><tr><th colspan="4">Suite</th></tr></tbody><tbody id="t0"><tr><th colspan="4">Regression &#8212; failed (configuration methods)</th></tr><tr class="failedeven"><td rowspan="1">com.tabeo.automation.Tests.LoginTestWithGmailOath</td><td><a href="#m0">tearDown</a></td><td rowspan="1">1630573686177</td><td rowspan="1">0</td></tr><tr><th colspan="4">Regression &#8212; failed</th></tr><tr class="failedeven"><td rowspan="1">com.tabeo.automation.Tests.UnsuccessfulPaymentCardDeclinedTest</td><td><a href="#m1">paymentDeclinedTestCase</a></td><td rowspan="1">1630573678819</td><td rowspan="1">6476</td></tr><tr class="failedodd"><td rowspan="1">com.tabeo.automation.Tests.loginTestWithEmail</td><td><a href="#m2">loginTestWithEmailAddress</a></td><td rowspan="1">1630573604223</td><td rowspan="1">6560</td></tr><tr><th colspan="4">Regression &#8212; passed</th></tr><tr class="passedeven"><td rowspan="1">com.tabeo.automation.Tests.CreateSuccessfulPaymentTest</td><td><a href="#m3">successfulPaymentTestcase</a></td><td rowspan="1">1630573646072</td><td rowspan="1">15197</td></tr><tr class="passedodd"><td rowspan="1">com.tabeo.automation.Tests.LoginTestWithGmailOath</td><td><a href="#m4">LoginTestWithGmailAuthentication</a></td><td rowspan="1">1630573610791</td><td rowspan="1">18266</td></tr></tbody></table><h2>Regression</h2><h3 id="m0">com.tabeo.automation.Tests.LoginTestWithGmailOath#tearDown</h3><table class="result"><tr><th>Exception</th></tr><tr><td><div class="stacktrace">org.openqa.selenium.NoSuchSessionException: Session ID is null. Using WebDriver after calling quit()?
Build info: version: &apos;3.141.59&apos;, revision: &apos;e82be7d358&apos;, time: &apos;2018-11-14T08:17:03&apos;
System info: host: &apos;CHANDU&apos;, ip: &apos;192.168.1.7&apos;, os.name: &apos;Windows 10&apos;, os.arch: &apos;amd64&apos;, os.version: &apos;10.0&apos;, java.version: &apos;1.8.0_102&apos;
Driver info: driver.version: RemoteWebDriver
	at org.openqa.selenium.remote.HttpCommandExecutor.execute(HttpCommandExecutor.java:125)
	at org.openqa.selenium.remote.service.DriverCommandExecutor.execute(DriverCommandExecutor.java:83)
	at org.openqa.selenium.remote.RemoteWebDriver.execute(RemoteWebDriver.java:552)
	at org.openqa.selenium.remote.RemoteWebDriver.execute(RemoteWebDriver.java:609)
	at org.openqa.selenium.remote.RemoteWebDriver$RemoteWebDriverOptions.deleteAllCookies(RemoteWebDriver.java:694)
	at com.tabeo.automation.framework.core.Browser.tearDownTest(Browser.java:92)
	at com.tabeo.automation.Tests.LoginTestWithGmailOath.tearDown(LoginTestWithGmailOath.java:36)
... Removed 23 stack frames</div></td></tr></table><p class="totop"><a href="#summary">back to summary</a></p><h3 id="m1">com.tabeo.automation.Tests.UnsuccessfulPaymentCardDeclinedTest#paymentDeclinedTestCase</h3><table class="result"><tr><th>Exception</th></tr><tr><td><div class="stacktrace">java.lang.AssertionError: null
	at com.tabeo.automation.Tests.UnsuccessfulPaymentCardDeclinedTest.paymentDeclinedTestCase(UnsuccessfulPaymentCardDeclinedTest.java:54)
... Removed 27 stack frames</div></td></tr></table><p class="totop"><a href="#summary">back to summary</a></p><h3 id="m2">com.tabeo.automation.Tests.loginTestWithEmail#loginTestWithEmailAddress</h3><table class="result"><tr><th>Exception</th></tr><tr><td><div class="stacktrace">java.lang.NullPointerException: null value in entry: url=null
	at com.google.common.collect.CollectPreconditions.checkEntryNotNull(CollectPreconditions.java:32)
	at com.google.common.collect.SingletonImmutableBiMap.&lt;init&gt;(SingletonImmutableBiMap.java:42)
	at com.google.common.collect.ImmutableBiMap.of(ImmutableBiMap.java:72)
	at com.google.common.collect.ImmutableMap.of(ImmutableMap.java:124)
	at org.openqa.selenium.remote.RemoteWebDriver.get(RemoteWebDriver.java:277)
	at com.tabeo.automation.Tests.loginTestWithEmail.loginTestWithEmailAddress(loginTestWithEmail.java:58)
... Removed 25 stack frames</div></td></tr></table><p class="totop"><a href="#summary">back to summary</a></p><h3 id="m3">com.tabeo.automation.Tests.CreateSuccessfulPaymentTest#successfulPaymentTestcase</h3><table class="result"></table><p class="totop"><a href="#summary">back to summary</a></p><h3 id="m4">com.tabeo.automation.Tests.LoginTestWithGmailOath#LoginTestWithGmailAuthentication</h3><table class="result"></table><p class="totop"><a href="#summary">back to summary</a></p></body></html>